{"/Users/Vae/Desktop/project-my/customHook/src/useActive/index.tsx": {"path":"/Users/Vae/Desktop/project-my/customHook/src/useActive/index.tsx","statementMap":{"0":{"start":{"line":1,"column":0},"end":{"line":1,"column":30}},"1":{"start":{"line":8,"column":8},"end":{"line":8,"column":16}},"2":{"start":{"line":11,"column":8},"end":{"line":11,"column":9}},"3":{"start":{"line":11,"column":9},"end":{"line":11,"column":15}},"4":{"start":{"line":11,"column":17},"end":{"line":11,"column":45}},"5":{"start":{"line":13,"column":22},"end":{"line":15,"column":3}},"6":{"start":{"line":14,"column":4},"end":{"line":14,"column":null}},"7":{"start":{"line":17,"column":20},"end":{"line":19,"column":3}},"8":{"start":{"line":18,"column":4},"end":{"line":18,"column":null}},"9":{"start":{"line":21,"column":2},"end":{"line":21,"column":null}},"10":{"start":{"line":10,"column":0},"end":{"line":10,"column":24}}},"fnMap":{"0":{"name":"useActive","decl":{"start":{"line":10,"column":24},"end":{"line":10,"column":33}},"loc":{"start":{"line":10,"column":33},"end":{"line":22,"column":1}}},"1":{"name":"(anonymous_1)","decl":{"start":{"line":13,"column":22},"end":{"line":13,"column":null}},"loc":{"start":{"line":13,"column":22},"end":{"line":15,"column":3}}},"2":{"name":"(anonymous_2)","decl":{"start":{"line":17,"column":20},"end":{"line":17,"column":null}},"loc":{"start":{"line":17,"column":20},"end":{"line":19,"column":3}}}},"branchMap":{},"s":{"0":1,"1":1,"2":4,"3":4,"4":4,"5":4,"6":1,"7":4,"8":1,"9":4,"10":1},"f":{"0":4,"1":1,"2":1},"b":{}}
,"/Users/Vae/Desktop/project-my/customHook/src/useCounter/index.tsx": {"path":"/Users/Vae/Desktop/project-my/customHook/src/useCounter/index.tsx","statementMap":{"0":{"start":{"line":1,"column":0},"end":{"line":1,"column":30}},"1":{"start":{"line":10,"column":8},"end":{"line":10,"column":16}},"2":{"start":{"line":13,"column":8},"end":{"line":13,"column":9}},"3":{"start":{"line":13,"column":9},"end":{"line":13,"column":14}},"4":{"start":{"line":13,"column":16},"end":{"line":13,"column":50}},"5":{"start":{"line":15,"column":22},"end":{"line":17,"column":3}},"6":{"start":{"line":16,"column":4},"end":{"line":16,"column":null}},"7":{"start":{"line":19,"column":22},"end":{"line":21,"column":3}},"8":{"start":{"line":20,"column":4},"end":{"line":20,"column":null}},"9":{"start":{"line":23,"column":20},"end":{"line":25,"column":3}},"10":{"start":{"line":24,"column":4},"end":{"line":24,"column":null}},"11":{"start":{"line":27,"column":20},"end":{"line":29,"column":3}},"12":{"start":{"line":28,"column":4},"end":{"line":28,"column":null}},"13":{"start":{"line":31,"column":2},"end":{"line":36,"column":null}},"14":{"start":{"line":39,"column":0},"end":{"line":39,"column":null}}},"fnMap":{"0":{"name":"useCounter","decl":{"start":{"line":12,"column":9},"end":{"line":12,"column":19}},"loc":{"start":{"line":12,"column":40},"end":{"line":37,"column":1}}},"1":{"name":"(anonymous_1)","decl":{"start":{"line":15,"column":22},"end":{"line":15,"column":23}},"loc":{"start":{"line":15,"column":35},"end":{"line":17,"column":3}}},"2":{"name":"(anonymous_2)","decl":{"start":{"line":19,"column":22},"end":{"line":19,"column":23}},"loc":{"start":{"line":19,"column":35},"end":{"line":21,"column":3}}},"3":{"name":"(anonymous_3)","decl":{"start":{"line":23,"column":20},"end":{"line":23,"column":null}},"loc":{"start":{"line":23,"column":20},"end":{"line":25,"column":3}}},"4":{"name":"(anonymous_4)","decl":{"start":{"line":27,"column":20},"end":{"line":27,"column":null}},"loc":{"start":{"line":27,"column":20},"end":{"line":29,"column":3}}}},"branchMap":{},"s":{"0":1,"1":1,"2":7,"3":7,"4":7,"5":7,"6":1,"7":7,"8":1,"9":7,"10":1,"11":7,"12":1,"13":7,"14":1},"f":{"0":7,"1":1,"2":1,"3":1,"4":1},"b":{}}
,"/Users/Vae/Desktop/project-my/customHook/src/useDarkMode/index.tsx": {"path":"/Users/Vae/Desktop/project-my/customHook/src/useDarkMode/index.tsx","statementMap":{"0":{"start":{"line":1,"column":0},"end":{"line":1,"column":30}},"1":{"start":{"line":3,"column":8},"end":{"line":3,"column":16}},"2":{"start":{"line":3,"column":18},"end":{"line":3,"column":27}},"3":{"start":{"line":13,"column":18},"end":{"line":13,"column":29}},"4":{"start":{"line":14,"column":16},"end":{"line":14,"column":29}},"5":{"start":{"line":16,"column":21},"end":{"line":16,"column":null}},"6":{"start":{"line":18,"column":8},"end":{"line":18,"column":9}},"7":{"start":{"line":18,"column":9},"end":{"line":18,"column":14}},"8":{"start":{"line":18,"column":16},"end":{"line":18,"column":53}},"9":{"start":{"line":21,"column":2},"end":{"line":30,"column":4}},"10":{"start":{"line":24,"column":8},"end":{"line":24,"column":41}},"11":{"start":{"line":26,"column":8},"end":{"line":26,"column":44}},"12":{"start":{"line":33,"column":2},"end":{"line":38,"column":4}},"13":{"start":{"line":35,"column":18},"end":{"line":35,"column":null}},"14":{"start":{"line":36,"column":19},"end":{"line":36,"column":null}},"15":{"start":{"line":37,"column":18},"end":{"line":37,"column":null}},"16":{"start":{"line":37,"column":41},"end":{"line":37,"column":50}},"17":{"start":{"line":42,"column":0},"end":{"line":42,"column":null}}},"fnMap":{"0":{"name":"useDarkMode","decl":{"start":{"line":16,"column":9},"end":{"line":16,"column":20}},"loc":{"start":{"line":16,"column":41},"end":{"line":40,"column":1}}},"1":{"name":"(anonymous_1)","decl":{"start":{"line":22,"column":4},"end":{"line":22,"column":null}},"loc":{"start":{"line":22,"column":4},"end":{"line":28,"column":5}}},"2":{"name":"(anonymous_2)","decl":{"start":{"line":35,"column":12},"end":{"line":35,"column":18}},"loc":{"start":{"line":35,"column":12},"end":{"line":35,"column":29}}},"3":{"name":"(anonymous_3)","decl":{"start":{"line":36,"column":13},"end":{"line":36,"column":19}},"loc":{"start":{"line":36,"column":13},"end":{"line":36,"column":30}}},"4":{"name":"(anonymous_4)","decl":{"start":{"line":37,"column":12},"end":{"line":37,"column":18}},"loc":{"start":{"line":37,"column":12},"end":{"line":37,"column":29}}},"5":{"name":"(anonymous_5)","decl":{"start":{"line":37,"column":30},"end":{"line":37,"column":37}},"loc":{"start":{"line":37,"column":37},"end":{"line":37,"column":42}}}},"branchMap":{"0":{"loc":{"start":{"line":16,"column":21},"end":{"line":16,"column":null}},"type":"if","locations":[{"start":{"line":16,"column":21},"end":{"line":16,"column":null}},{"start":{"line":16,"column":21},"end":{"line":16,"column":null}}]}},"s":{"0":1,"1":1,"2":1,"3":1,"4":1,"5":8,"6":4,"7":4,"8":4,"9":4,"10":1,"11":3,"12":4,"13":1,"14":1,"15":0,"16":0,"17":1},"f":{"0":4,"1":4,"2":1,"3":1,"4":0,"5":0},"b":{"0":[4,0]}}
,"/Users/Vae/Desktop/project-my/customHook/src/useDelay/index.tsx": {"path":"/Users/Vae/Desktop/project-my/customHook/src/useDelay/index.tsx","statementMap":{"0":{"start":{"line":1,"column":0},"end":{"line":1,"column":30}},"1":{"start":{"line":2,"column":0},"end":{"line":2,"column":31}},"2":{"start":{"line":4,"column":8},"end":{"line":4,"column":17}},"3":{"start":{"line":6,"column":18},"end":{"line":6,"column":35}},"4":{"start":{"line":7,"column":2},"end":{"line":12,"column":null}},"5":{"start":{"line":8,"column":20},"end":{"line":8,"column":47}},"6":{"start":{"line":9,"column":4},"end":{"line":11,"column":null}},"7":{"start":{"line":10,"column":6},"end":{"line":10,"column":null}},"8":{"start":{"line":15,"column":0},"end":{"line":15,"column":null}}},"fnMap":{"0":{"name":"useDelay","decl":{"start":{"line":6,"column":9},"end":{"line":6,"column":17}},"loc":{"start":{"line":6,"column":48},"end":{"line":13,"column":1}}},"1":{"name":"(anonymous_1)","decl":{"start":{"line":7,"column":12},"end":{"line":7,"column":null}},"loc":{"start":{"line":7,"column":12},"end":{"line":12,"column":3}}},"2":{"name":"(anonymous_2)","decl":{"start":{"line":9,"column":11},"end":{"line":9,"column":null}},"loc":{"start":{"line":9,"column":11},"end":{"line":11,"column":5}}}},"branchMap":{"0":{"loc":{"start":{"line":6,"column":18},"end":{"line":6,"column":35}},"type":"if","locations":[{"start":{"line":6,"column":18},"end":{"line":6,"column":35}},{"start":{"line":6,"column":18},"end":{"line":6,"column":35}}]}},"s":{"0":1,"1":1,"2":1,"3":1,"4":1,"5":1,"6":1,"7":1,"8":1},"f":{"0":1,"1":1,"2":1},"b":{"0":[0,1]}}
,"/Users/Vae/Desktop/project-my/customHook/src/useFocus/index.tsx": {"path":"/Users/Vae/Desktop/project-my/customHook/src/useFocus/index.tsx","statementMap":{"0":{"start":{"line":1,"column":0},"end":{"line":1,"column":30}},"1":{"start":{"line":8,"column":8},"end":{"line":8,"column":16}},"2":{"start":{"line":11,"column":8},"end":{"line":11,"column":9}},"3":{"start":{"line":11,"column":9},"end":{"line":11,"column":14}},"4":{"start":{"line":11,"column":16},"end":{"line":11,"column":43}},"5":{"start":{"line":13,"column":18},"end":{"line":15,"column":3}},"6":{"start":{"line":14,"column":4},"end":{"line":14,"column":null}},"7":{"start":{"line":17,"column":17},"end":{"line":19,"column":3}},"8":{"start":{"line":18,"column":4},"end":{"line":18,"column":null}},"9":{"start":{"line":21,"column":2},"end":{"line":21,"column":null}},"10":{"start":{"line":10,"column":0},"end":{"line":10,"column":24}}},"fnMap":{"0":{"name":"useFocus","decl":{"start":{"line":10,"column":24},"end":{"line":10,"column":32}},"loc":{"start":{"line":10,"column":32},"end":{"line":22,"column":1}}},"1":{"name":"(anonymous_1)","decl":{"start":{"line":13,"column":18},"end":{"line":13,"column":null}},"loc":{"start":{"line":13,"column":18},"end":{"line":15,"column":3}}},"2":{"name":"(anonymous_2)","decl":{"start":{"line":17,"column":17},"end":{"line":17,"column":null}},"loc":{"start":{"line":17,"column":17},"end":{"line":19,"column":3}}}},"branchMap":{},"s":{"0":1,"1":1,"2":4,"3":4,"4":4,"5":4,"6":1,"7":4,"8":1,"9":4,"10":1},"f":{"0":4,"1":1,"2":1},"b":{}}
,"/Users/Vae/Desktop/project-my/customHook/src/useInterval/index.tsx": {"path":"/Users/Vae/Desktop/project-my/customHook/src/useInterval/index.tsx","statementMap":{"0":{"start":{"line":1,"column":0},"end":{"line":1,"column":30}},"1":{"start":{"line":2,"column":0},"end":{"line":2,"column":31}},"2":{"start":{"line":4,"column":8},"end":{"line":4,"column":14}},"3":{"start":{"line":4,"column":16},"end":{"line":4,"column":25}},"4":{"start":{"line":6,"column":21},"end":{"line":6,"column":38}},"5":{"start":{"line":7,"column":29},"end":{"line":7,"column":39}},"6":{"start":{"line":10,"column":2},"end":{"line":12,"column":17}},"7":{"start":{"line":11,"column":4},"end":{"line":11,"column":37}},"8":{"start":{"line":15,"column":2},"end":{"line":24,"column":14}},"9":{"start":{"line":17,"column":6},"end":{"line":17,"column":30}},"10":{"start":{"line":20,"column":17},"end":{"line":20,"column":41}},"11":{"start":{"line":21,"column":6},"end":{"line":21,"column":37}},"12":{"start":{"line":21,"column":19},"end":{"line":21,"column":37}},"13":{"start":{"line":23,"column":4},"end":{"line":23,"column":null}},"14":{"start":{"line":27,"column":0},"end":{"line":27,"column":null}}},"fnMap":{"0":{"name":"useInterval","decl":{"start":{"line":6,"column":9},"end":{"line":6,"column":20}},"loc":{"start":{"line":6,"column":51},"end":{"line":25,"column":1}}},"1":{"name":"(anonymous_1)","decl":{"start":{"line":10,"column":12},"end":{"line":10,"column":null}},"loc":{"start":{"line":10,"column":12},"end":{"line":12,"column":3}}},"2":{"name":"(anonymous_2)","decl":{"start":{"line":15,"column":12},"end":{"line":15,"column":null}},"loc":{"start":{"line":15,"column":12},"end":{"line":24,"column":3}}},"3":{"name":"tick","decl":{"start":{"line":16,"column":13},"end":{"line":16,"column":17}},"loc":{"start":{"line":16,"column":17},"end":{"line":18,"column":5}}},"4":{"name":"(anonymous_4)","decl":{"start":{"line":21,"column":13},"end":{"line":21,"column":19}},"loc":{"start":{"line":21,"column":13},"end":{"line":21,"column":32}}},"5":{"name":"(anonymous_5)","decl":{"start":{"line":23,"column":11},"end":{"line":23,"column":18}},"loc":{"start":{"line":23,"column":11},"end":{"line":23,"column":19}}}},"branchMap":{"0":{"loc":{"start":{"line":6,"column":21},"end":{"line":6,"column":38}},"type":"if","locations":[{"start":{"line":6,"column":21},"end":{"line":6,"column":38}},{"start":{"line":6,"column":21},"end":{"line":6,"column":38}}]}},"s":{"0":2,"1":2,"2":2,"3":2,"4":3,"5":3,"6":3,"7":3,"8":3,"9":2,"10":2,"11":2,"12":2,"13":0,"14":2},"f":{"0":3,"1":3,"2":2,"3":2,"4":2,"5":0},"b":{"0":[0,3]}}
,"/Users/Vae/Desktop/project-my/customHook/src/usePrevious/index.tsx": {"path":"/Users/Vae/Desktop/project-my/customHook/src/usePrevious/index.tsx","statementMap":{"0":{"start":{"line":1,"column":0},"end":{"line":1,"column":30}},"1":{"start":{"line":3,"column":8},"end":{"line":3,"column":14}},"2":{"start":{"line":3,"column":16},"end":{"line":3,"column":25}},"3":{"start":{"line":7,"column":24},"end":{"line":7,"column":37}},"4":{"start":{"line":10,"column":2},"end":{"line":12,"column":null}},"5":{"start":{"line":11,"column":4},"end":{"line":11,"column":null}},"6":{"start":{"line":14,"column":2},"end":{"line":14,"column":null}},"7":{"start":{"line":17,"column":0},"end":{"line":17,"column":null}}},"fnMap":{"0":{"name":"usePrevious","decl":{"start":{"line":5,"column":9},"end":{"line":5,"column":20}},"loc":{"start":{"line":5,"column":32},"end":{"line":15,"column":1}}},"1":{"name":"(anonymous_1)","decl":{"start":{"line":10,"column":12},"end":{"line":10,"column":null}},"loc":{"start":{"line":10,"column":12},"end":{"line":12,"column":3}}}},"branchMap":{},"s":{"0":1,"1":1,"2":1,"3":1,"4":1,"5":1,"6":1,"7":1},"f":{"0":1,"1":1},"b":{}}
,"/Users/Vae/Desktop/project-my/customHook/src/useTimer/index.tsx": {"path":"/Users/Vae/Desktop/project-my/customHook/src/useTimer/index.tsx","statementMap":{"0":{"start":{"line":1,"column":0},"end":{"line":1,"column":30}},"1":{"start":{"line":2,"column":0},"end":{"line":2,"column":41}},"2":{"start":{"line":13,"column":8},"end":{"line":13,"column":16}},"3":{"start":{"line":15,"column":20},"end":{"line":15,"column":29}},"4":{"start":{"line":15,"column":31},"end":{"line":15,"column":38}},"5":{"start":{"line":15,"column":40},"end":{"line":15,"column":54}},"6":{"start":{"line":16,"column":19},"end":{"line":16,"column":38}},"7":{"start":{"line":17,"column":8},"end":{"line":17,"column":9}},"8":{"start":{"line":17,"column":9},"end":{"line":17,"column":19}},"9":{"start":{"line":17,"column":21},"end":{"line":17,"column":56}},"10":{"start":{"line":19,"column":25},"end":{"line":28,"column":3}},"11":{"start":{"line":27,"column":4},"end":{"line":27,"column":null}},"12":{"start":{"line":30,"column":2},"end":{"line":32,"column":null}},"13":{"start":{"line":31,"column":4},"end":{"line":31,"column":null}},"14":{"start":{"line":34,"column":2},"end":{"line":34,"column":null}},"15":{"start":{"line":37,"column":0},"end":{"line":37,"column":null}}},"fnMap":{"0":{"name":"useTimer","decl":{"start":{"line":15,"column":9},"end":{"line":15,"column":17}},"loc":{"start":{"line":15,"column":68},"end":{"line":35,"column":1}}},"1":{"name":"(anonymous_1)","decl":{"start":{"line":19,"column":25},"end":{"line":19,"column":null}},"loc":{"start":{"line":19,"column":25},"end":{"line":28,"column":3}}},"2":{"name":"(anonymous_2)","decl":{"start":{"line":30,"column":14},"end":{"line":30,"column":null}},"loc":{"start":{"line":30,"column":14},"end":{"line":32,"column":3}}}},"branchMap":{"0":{"loc":{"start":{"line":15,"column":40},"end":{"line":15,"column":54}},"type":"cond-expr","locations":[{"start":{"line":15,"column":40},"end":{"line":15,"column":54}},{"start":{"line":15,"column":40},"end":{"line":15,"column":54}}]}},"s":{"0":1,"1":1,"2":1,"3":2,"4":2,"5":4,"6":2,"7":2,"8":2,"9":2,"10":2,"11":2,"12":2,"13":1,"14":2,"15":1},"f":{"0":2,"1":2,"2":1},"b":{"0":[2,0]}}
,"/Users/Vae/Desktop/project-my/customHook/src/useToCase/index.tsx": {"path":"/Users/Vae/Desktop/project-my/customHook/src/useToCase/index.tsx","statementMap":{"0":{"start":{"line":1,"column":0},"end":{"line":1,"column":30}},"1":{"start":{"line":12,"column":8},"end":{"line":12,"column":16}},"2":{"start":{"line":14,"column":19},"end":{"line":14,"column":null}},"3":{"start":{"line":15,"column":8},"end":{"line":15,"column":9}},"4":{"start":{"line":15,"column":9},"end":{"line":15,"column":14}},"5":{"start":{"line":15,"column":16},"end":{"line":15,"column":50}},"6":{"start":{"line":17,"column":22},"end":{"line":19,"column":3}},"7":{"start":{"line":18,"column":4},"end":{"line":18,"column":null}},"8":{"start":{"line":21,"column":23},"end":{"line":30,"column":3}},"9":{"start":{"line":22,"column":14},"end":{"line":22,"column":30}},"10":{"start":{"line":24,"column":21},"end":{"line":25,"column":15}},"11":{"start":{"line":24,"column":32},"end":{"line":24,"column":87}},"12":{"start":{"line":26,"column":6},"end":{"line":26,"column":null}},"13":{"start":{"line":28,"column":6},"end":{"line":28,"column":null}},"14":{"start":{"line":32,"column":23},"end":{"line":41,"column":3}},"15":{"start":{"line":33,"column":14},"end":{"line":33,"column":30}},"16":{"start":{"line":35,"column":21},"end":{"line":36,"column":16}},"17":{"start":{"line":35,"column":32},"end":{"line":35,"column":48}},"18":{"start":{"line":37,"column":6},"end":{"line":37,"column":null}},"19":{"start":{"line":39,"column":6},"end":{"line":39,"column":null}},"20":{"start":{"line":43,"column":23},"end":{"line":52,"column":3}},"21":{"start":{"line":44,"column":14},"end":{"line":44,"column":30}},"22":{"start":{"line":46,"column":21},"end":{"line":47,"column":16}},"23":{"start":{"line":46,"column":32},"end":{"line":46,"column":48}},"24":{"start":{"line":48,"column":6},"end":{"line":48,"column":null}},"25":{"start":{"line":50,"column":6},"end":{"line":50,"column":null}},"26":{"start":{"line":54,"column":23},"end":{"line":63,"column":3}},"27":{"start":{"line":55,"column":14},"end":{"line":55,"column":30}},"28":{"start":{"line":57,"column":21},"end":{"line":58,"column":16}},"29":{"start":{"line":57,"column":32},"end":{"line":57,"column":71}},"30":{"start":{"line":59,"column":6},"end":{"line":59,"column":null}},"31":{"start":{"line":61,"column":6},"end":{"line":61,"column":null}},"32":{"start":{"line":65,"column":2},"end":{"line":70,"column":null}},"33":{"start":{"line":73,"column":0},"end":{"line":73,"column":null}}},"fnMap":{"0":{"name":"useToCase","decl":{"start":{"line":14,"column":9},"end":{"line":14,"column":18}},"loc":{"start":{"line":14,"column":36},"end":{"line":71,"column":1}}},"1":{"name":"(anonymous_1)","decl":{"start":{"line":17,"column":22},"end":{"line":17,"column":23}},"loc":{"start":{"line":17,"column":34},"end":{"line":19,"column":3}}},"2":{"name":"(anonymous_2)","decl":{"start":{"line":21,"column":23},"end":{"line":21,"column":24}},"loc":{"start":{"line":21,"column":35},"end":{"line":30,"column":3}}},"3":{"name":"(anonymous_3)","decl":{"start":{"line":24,"column":27},"end":{"line":24,"column":28}},"loc":{"start":{"line":24,"column":28},"end":{"line":24,"column":33}}},"4":{"name":"(anonymous_4)","decl":{"start":{"line":32,"column":23},"end":{"line":32,"column":24}},"loc":{"start":{"line":32,"column":35},"end":{"line":41,"column":3}}},"5":{"name":"(anonymous_5)","decl":{"start":{"line":35,"column":27},"end":{"line":35,"column":28}},"loc":{"start":{"line":35,"column":28},"end":{"line":35,"column":33}}},"6":{"name":"(anonymous_6)","decl":{"start":{"line":43,"column":23},"end":{"line":43,"column":24}},"loc":{"start":{"line":43,"column":35},"end":{"line":52,"column":3}}},"7":{"name":"(anonymous_7)","decl":{"start":{"line":46,"column":27},"end":{"line":46,"column":28}},"loc":{"start":{"line":46,"column":28},"end":{"line":46,"column":33}}},"8":{"name":"(anonymous_8)","decl":{"start":{"line":54,"column":23},"end":{"line":54,"column":24}},"loc":{"start":{"line":54,"column":35},"end":{"line":63,"column":3}}},"9":{"name":"(anonymous_9)","decl":{"start":{"line":57,"column":27},"end":{"line":57,"column":28}},"loc":{"start":{"line":57,"column":28},"end":{"line":57,"column":33}}}},"branchMap":{"0":{"loc":{"start":{"line":14,"column":19},"end":{"line":14,"column":null}},"type":"if","locations":[{"start":{"line":14,"column":19},"end":{"line":14,"column":null}},{"start":{"line":14,"column":19},"end":{"line":14,"column":null}}]},"1":{"loc":{"start":{"line":18,"column":11},"end":{"line":18,"column":14}},"type":"binary-expr","locations":[{"start":{"line":18,"column":11},"end":{"line":18,"column":14}},{"start":{"line":18,"column":18},"end":{"line":18,"column":97}}]}},"s":{"0":1,"1":1,"2":23,"3":23,"4":23,"5":23,"6":23,"7":18,"8":23,"9":4,"10":4,"11":22,"12":4,"13":0,"14":23,"15":5,"16":5,"17":35,"18":5,"19":0,"20":23,"21":5,"22":5,"23":35,"24":5,"25":0,"26":23,"27":4,"28":4,"29":23,"30":4,"31":0,"32":23,"33":1},"f":{"0":23,"1":18,"2":4,"3":22,"4":5,"5":35,"6":5,"7":35,"8":4,"9":23},"b":{"0":[0,23],"1":[18,18]}}
,"/Users/Vae/Desktop/project-my/customHook/src/useToggle/index.tsx": {"path":"/Users/Vae/Desktop/project-my/customHook/src/useToggle/index.tsx","statementMap":{"0":{"start":{"line":1,"column":0},"end":{"line":1,"column":30}},"1":{"start":{"line":3,"column":8},"end":{"line":3,"column":16}},"2":{"start":{"line":3,"column":18},"end":{"line":3,"column":29}},"3":{"start":{"line":11,"column":8},"end":{"line":11,"column":9}},"4":{"start":{"line":11,"column":9},"end":{"line":11,"column":14}},"5":{"start":{"line":11,"column":16},"end":{"line":11,"column":52}},"6":{"start":{"line":13,"column":17},"end":{"line":20,"column":16}},"7":{"start":{"line":15,"column":6},"end":{"line":15,"column":28}},"8":{"start":{"line":16,"column":6},"end":{"line":16,"column":13}},"9":{"start":{"line":19,"column":4},"end":{"line":19,"column":null}},"10":{"start":{"line":19,"column":22},"end":{"line":19,"column":29}},"11":{"start":{"line":22,"column":2},"end":{"line":22,"column":25}},"12":{"start":{"line":25,"column":0},"end":{"line":25,"column":25}}},"fnMap":{"0":{"name":"useToggle","decl":{"start":{"line":10,"column":9},"end":{"line":10,"column":18}},"loc":{"start":{"line":10,"column":33},"end":{"line":23,"column":1}}},"1":{"name":"(anonymous_1)","decl":{"start":{"line":13,"column":29},"end":{"line":13,"column":30}},"loc":{"start":{"line":13,"column":49},"end":{"line":20,"column":3}}},"2":{"name":"(anonymous_2)","decl":{"start":{"line":19,"column":13},"end":{"line":19,"column":18}},"loc":{"start":{"line":19,"column":18},"end":{"line":19,"column":23}}}},"branchMap":{},"s":{"0":1,"1":1,"2":1,"3":4,"4":4,"5":4,"6":4,"7":1,"8":1,"9":1,"10":1,"11":4,"12":1},"f":{"0":4,"1":2,"2":1},"b":{}}
,"/Users/Vae/Desktop/project-my/customHook/src/utils/index.ts": {"path":"/Users/Vae/Desktop/project-my/customHook/src/utils/index.ts","statementMap":{"0":{"start":{"line":1,"column":13},"end":{"line":1,"column":21}},"1":{"start":{"line":4,"column":2},"end":{"line":4,"column":6}}},"fnMap":{"0":{"name":"(anonymous_0)","decl":{"start":{"line":1,"column":13},"end":{"line":1,"column":20}},"loc":{"start":{"line":1,"column":13},"end":{"line":1,"column":21}}}},"branchMap":{},"s":{"0":3,"1":3},"f":{"0":0},"b":{}}
}
