TN:
SF:/Users/Vae/Desktop/project-my/customHook/src/useActive/index.tsx
FN:10,useActive
FN:13,(anonymous_1)
FN:17,(anonymous_2)
FNF:3
FNH:3
FNDA:4,useActive
FNDA:1,(anonymous_1)
FNDA:1,(anonymous_2)
DA:1,1
DA:8,1
DA:10,1
DA:11,4
DA:13,4
DA:14,1
DA:17,4
DA:18,1
DA:21,4
LF:9
LH:9
BRF:0
BRH:0
end_of_record
TN:
SF:/Users/Vae/Desktop/project-my/customHook/src/useCounter/index.tsx
FN:12,useCounter
FN:15,(anonymous_1)
FN:19,(anonymous_2)
FN:23,(anonymous_3)
FN:27,(anonymous_4)
FNF:5
FNH:5
FNDA:7,useCounter
FNDA:1,(anonymous_1)
FNDA:1,(anonymous_2)
FNDA:1,(anonymous_3)
FNDA:1,(anonymous_4)
DA:1,1
DA:10,1
DA:13,7
DA:15,7
DA:16,1
DA:19,7
DA:20,1
DA:23,7
DA:24,1
DA:27,7
DA:28,1
DA:31,7
DA:39,1
LF:13
LH:13
BRF:0
BRH:0
end_of_record
TN:
SF:/Users/Vae/Desktop/project-my/customHook/src/useDarkMode/index.tsx
FN:16,useDarkMode
FN:22,(anonymous_1)
FN:35,(anonymous_2)
FN:36,(anonymous_3)
FN:37,(anonymous_4)
FN:37,(anonymous_5)
FNF:6
FNH:4
FNDA:4,useDarkMode
FNDA:4,(anonymous_1)
FNDA:1,(anonymous_2)
FNDA:1,(anonymous_3)
FNDA:0,(anonymous_4)
FNDA:0,(anonymous_5)
DA:1,1
DA:3,1
DA:13,1
DA:14,1
DA:16,8
DA:18,4
DA:21,4
DA:24,1
DA:26,3
DA:33,4
DA:35,1
DA:36,1
DA:37,0
DA:42,1
LF:14
LH:13
BRDA:16,0,0,4
BRDA:16,0,1,0
BRF:2
BRH:1
end_of_record
TN:
SF:/Users/Vae/Desktop/project-my/customHook/src/useDelay/index.tsx
FN:6,useDelay
FN:7,(anonymous_1)
FN:9,(anonymous_2)
FNF:3
FNH:3
FNDA:1,useDelay
FNDA:1,(anonymous_1)
FNDA:1,(anonymous_2)
DA:1,1
DA:2,1
DA:4,1
DA:6,1
DA:7,1
DA:8,1
DA:9,1
DA:10,1
DA:15,1
LF:9
LH:9
BRDA:6,0,0,0
BRDA:6,0,1,1
BRF:2
BRH:1
end_of_record
TN:
SF:/Users/Vae/Desktop/project-my/customHook/src/useFocus/index.tsx
FN:10,useFocus
FN:13,(anonymous_1)
FN:17,(anonymous_2)
FNF:3
FNH:3
FNDA:4,useFocus
FNDA:1,(anonymous_1)
FNDA:1,(anonymous_2)
DA:1,1
DA:8,1
DA:10,1
DA:11,4
DA:13,4
DA:14,1
DA:17,4
DA:18,1
DA:21,4
LF:9
LH:9
BRF:0
BRH:0
end_of_record
TN:
SF:/Users/Vae/Desktop/project-my/customHook/src/useInterval/index.tsx
FN:6,useInterval
FN:10,(anonymous_1)
FN:15,(anonymous_2)
FN:16,tick
FN:21,(anonymous_4)
FN:23,(anonymous_5)
FNF:6
FNH:5
FNDA:3,useInterval
FNDA:3,(anonymous_1)
FNDA:2,(anonymous_2)
FNDA:2,tick
FNDA:2,(anonymous_4)
FNDA:0,(anonymous_5)
DA:1,2
DA:2,2
DA:4,2
DA:6,3
DA:7,3
DA:10,3
DA:11,3
DA:15,3
DA:17,2
DA:20,2
DA:21,2
DA:23,0
DA:27,2
LF:13
LH:12
BRDA:6,0,0,0
BRDA:6,0,1,3
BRF:2
BRH:1
end_of_record
TN:
SF:/Users/Vae/Desktop/project-my/customHook/src/usePrevious/index.tsx
FN:5,usePrevious
FN:10,(anonymous_1)
FNF:2
FNH:2
FNDA:1,usePrevious
FNDA:1,(anonymous_1)
DA:1,1
DA:3,1
DA:7,1
DA:10,1
DA:11,1
DA:14,1
DA:17,1
LF:7
LH:7
BRF:0
BRH:0
end_of_record
TN:
SF:/Users/Vae/Desktop/project-my/customHook/src/useTimer/index.tsx
FN:15,useTimer
FN:19,(anonymous_1)
FN:30,(anonymous_2)
FNF:3
FNH:3
FNDA:2,useTimer
FNDA:2,(anonymous_1)
FNDA:1,(anonymous_2)
DA:1,1
DA:2,1
DA:13,1
DA:15,4
DA:16,2
DA:17,2
DA:19,2
DA:27,2
DA:30,2
DA:31,1
DA:34,2
DA:37,1
LF:12
LH:12
BRDA:15,0,0,2
BRDA:15,0,1,0
BRF:2
BRH:1
end_of_record
TN:
SF:/Users/Vae/Desktop/project-my/customHook/src/useToCase/index.tsx
FN:14,useToCase
FN:17,(anonymous_1)
FN:21,(anonymous_2)
FN:24,(anonymous_3)
FN:32,(anonymous_4)
FN:35,(anonymous_5)
FN:43,(anonymous_6)
FN:46,(anonymous_7)
FN:54,(anonymous_8)
FN:57,(anonymous_9)
FNF:10
FNH:10
FNDA:23,useToCase
FNDA:18,(anonymous_1)
FNDA:4,(anonymous_2)
FNDA:22,(anonymous_3)
FNDA:5,(anonymous_4)
FNDA:35,(anonymous_5)
FNDA:5,(anonymous_6)
FNDA:35,(anonymous_7)
FNDA:4,(anonymous_8)
FNDA:23,(anonymous_9)
DA:1,1
DA:12,1
DA:14,23
DA:15,23
DA:17,23
DA:18,18
DA:21,23
DA:22,4
DA:24,22
DA:26,4
DA:28,0
DA:32,23
DA:33,5
DA:35,35
DA:37,5
DA:39,0
DA:43,23
DA:44,5
DA:46,35
DA:48,5
DA:50,0
DA:54,23
DA:55,4
DA:57,23
DA:59,4
DA:61,0
DA:65,23
DA:73,1
LF:28
LH:24
BRDA:14,0,0,0
BRDA:14,0,1,23
BRDA:18,1,0,18
BRDA:18,1,1,18
BRF:4
BRH:3
end_of_record
TN:
SF:/Users/Vae/Desktop/project-my/customHook/src/useToggle/index.tsx
FN:10,useToggle
FN:13,(anonymous_1)
FN:19,(anonymous_2)
FNF:3
FNH:3
FNDA:4,useToggle
FNDA:2,(anonymous_1)
FNDA:1,(anonymous_2)
DA:1,1
DA:3,1
DA:11,4
DA:13,4
DA:15,1
DA:16,1
DA:19,1
DA:22,4
DA:25,1
LF:9
LH:9
BRF:0
BRH:0
end_of_record
TN:
SF:/Users/Vae/Desktop/project-my/customHook/src/utils/index.ts
FN:1,(anonymous_0)
FNF:1
FNH:0
FNDA:0,(anonymous_0)
DA:1,3
DA:4,3
LF:2
LH:2
BRF:0
BRH:0
end_of_record
